<?xml version="1.0" encoding="UTF-8"?>
<testng-results skipped="0" failed="0" ignored="0" total="2" passed="2">
  <reporter-output>
  </reporter-output>
  <suite name="Suite" duration-ms="126" started-at="2019-08-04T16:18:05Z" finished-at="2019-08-04T16:18:05Z">
    <groups>
    </groups>
    <test name="Test" duration-ms="126" started-at="2019-08-04T16:18:05Z" finished-at="2019-08-04T16:18:05Z">
      <class name="testmvn.Maven.MvnTest">
        <test-method status="PASS" signature="aVIEWX()[pri:0, instance:testmvn.Maven.MvnTest@2b98378d]" name="aVIEWX" duration-ms="26" started-at="2019-08-04T16:18:05Z" finished-at="2019-08-04T16:18:05Z">
          <reporter-output>
          </reporter-output>
        </test-method> <!-- aVIEWX -->
        <test-method status="PASS" signature="displayX()[pri:2, instance:testmvn.Maven.MvnTest@2b98378d]" name="displayX" duration-ms="0" started-at="2019-08-04T16:18:05Z" finished-at="2019-08-04T16:18:05Z">
          <reporter-output>
          </reporter-output>
        </test-method> <!-- displayX -->
      </class> <!-- testmvn.Maven.MvnTest -->
    </test> <!-- Test -->
  </suite> <!-- Suite -->
</testng-results>
